0 info it worked if it ends with ok
1 verbose cli [ '/usr/bin/node', '/usr/bin/npm', 'install', '-g', 'meteorite' ]
2 info using npm@1.4.21
3 info using node@v0.10.30
4 verbose node symlink /usr/bin/node
5 verbose cache add [ 'meteorite', null ]
6 verbose cache add name=undefined spec="meteorite" args=["meteorite",null]
7 verbose parsed url { protocol: null,
7 verbose parsed url   slashes: null,
7 verbose parsed url   auth: null,
7 verbose parsed url   host: null,
7 verbose parsed url   port: null,
7 verbose parsed url   hostname: null,
7 verbose parsed url   hash: null,
7 verbose parsed url   search: null,
7 verbose parsed url   query: null,
7 verbose parsed url   pathname: 'meteorite',
7 verbose parsed url   path: 'meteorite',
7 verbose parsed url   href: 'meteorite' }
8 silly lockFile 8f2f99a9-meteorite meteorite
9 verbose lock meteorite /home/lucas/.npm/8f2f99a9-meteorite.lock
10 silly lockFile 8f2f99a9-meteorite meteorite
11 silly lockFile 8f2f99a9-meteorite meteorite
12 verbose addNamed [ 'meteorite', '' ]
13 verbose addNamed [ null, '*' ]
14 silly lockFile bf6d5fee-meteorite meteorite@
15 verbose lock meteorite@ /home/lucas/.npm/bf6d5fee-meteorite.lock
16 silly addNameRange { name: 'meteorite', range: '*', hasData: false }
17 verbose request where is /meteorite
18 verbose request registry https://registry.npmjs.org/
19 verbose request id 01964f5fa1febafb
20 verbose url raw /meteorite
21 verbose url resolving [ 'https://registry.npmjs.org/', './meteorite' ]
22 verbose url resolved https://registry.npmjs.org/meteorite
23 verbose request where is https://registry.npmjs.org/meteorite
24 info trying registry request attempt 1 at 20:14:58
25 verbose etag "87M8D1AZLW8BEIDZJ9YVXG1GZ"
26 http GET https://registry.npmjs.org/meteorite
27 http 200 https://registry.npmjs.org/meteorite
28 silly registry.get cb [ 200,
28 silly registry.get   { date: 'Fri, 07 Nov 2014 04:14:59 GMT',
28 silly registry.get     server: 'CouchDB/1.5.0 (Erlang OTP/R16B03)',
28 silly registry.get     etag: '"5CBL6OVRWKRCJNLV1X7BJ7CUK"',
28 silly registry.get     'content-type': 'application/json',
28 silly registry.get     'cache-control': 'max-age=60',
28 silly registry.get     'content-length': '92760',
28 silly registry.get     'accept-ranges': 'bytes',
28 silly registry.get     via: '1.1 varnish',
28 silly registry.get     age: '0',
28 silly registry.get     'x-served-by': 'cache-lax1434-LAX',
28 silly registry.get     'x-cache': 'MISS',
28 silly registry.get     'x-cache-hits': '0',
28 silly registry.get     'x-timer': 'S1415333699.108991,VS0,VE177',
28 silly registry.get     vary: 'Accept',
28 silly registry.get     'keep-alive': 'timeout=10, max=50',
28 silly registry.get     connection: 'Keep-Alive' } ]
29 silly addNameRange number 2 { name: 'meteorite', range: '*', hasData: true }
30 silly addNameRange versions [ 'meteorite',
30 silly addNameRange   [ '0.0.1',
30 silly addNameRange     '0.0.2',
30 silly addNameRange     '0.0.3',
30 silly addNameRange     '0.0.4',
30 silly addNameRange     '0.0.5',
30 silly addNameRange     '0.0.6',
30 silly addNameRange     '0.0.7',
30 silly addNameRange     '0.0.8',
30 silly addNameRange     '0.0.9',
30 silly addNameRange     '0.0.10',
30 silly addNameRange     '0.0.11',
30 silly addNameRange     '0.0.12',
30 silly addNameRange     '0.0.13',
30 silly addNameRange     '0.0.14',
30 silly addNameRange     '0.0.15',
30 silly addNameRange     '0.0.16',
30 silly addNameRange     '0.0.17',
30 silly addNameRange     '0.0.18',
30 silly addNameRange     '0.0.19',
30 silly addNameRange     '0.1.0',
30 silly addNameRange     '0.1.1',
30 silly addNameRange     '0.2.0',
30 silly addNameRange     '0.2.1',
30 silly addNameRange     '0.2.2',
30 silly addNameRange     '0.3.0',
30 silly addNameRange     '0.3.1',
30 silly addNameRange     '0.3.3',
30 silly addNameRange     '0.4.0',
30 silly addNameRange     '0.4.1',
30 silly addNameRange     '0.4.2',
30 silly addNameRange     '0.4.3',
30 silly addNameRange     '0.4.4',
30 silly addNameRange     '0.4.5',
30 silly addNameRange     '0.4.6',
30 silly addNameRange     '0.4.7',
30 silly addNameRange     '0.4.8',
30 silly addNameRange     '0.4.9',
30 silly addNameRange     '0.5.0',
30 silly addNameRange     '0.5.1',
30 silly addNameRange     '0.6.0',
30 silly addNameRange     '0.6.1',
30 silly addNameRange     '0.6.2',
30 silly addNameRange     '0.6.3',
30 silly addNameRange     '0.6.4',
30 silly addNameRange     '0.6.5',
30 silly addNameRange     '0.6.6',
30 silly addNameRange     '0.6.7',
30 silly addNameRange     '0.6.8',
30 silly addNameRange     '0.6.9',
30 silly addNameRange     '0.6.10',
30 silly addNameRange     '0.6.11',
30 silly addNameRange     '0.6.12',
30 silly addNameRange     '0.6.13',
30 silly addNameRange     '0.6.14',
30 silly addNameRange     '0.6.15',
30 silly addNameRange     '0.6.16',
30 silly addNameRange     '0.7.0',
30 silly addNameRange     '0.7.1',
30 silly addNameRange     '0.7.2',
30 silly addNameRange     '0.7.3',
30 silly addNameRange     '0.7.4',
30 silly addNameRange     '0.7.5',
30 silly addNameRange     '0.7.6',
30 silly addNameRange     '0.7.7',
30 silly addNameRange     '0.7.8',
30 silly addNameRange     '0.9.0',
30 silly addNameRange     '0.9.1',
30 silly addNameRange     '0.9.2' ] ]
31 verbose addNamed [ 'meteorite', '0.9.2' ]
32 verbose addNamed [ '0.9.2', '0.9.2' ]
33 silly lockFile 718a0fc1-meteorite-0-9-2 meteorite@0.9.2
34 verbose lock meteorite@0.9.2 /home/lucas/.npm/718a0fc1-meteorite-0-9-2.lock
35 silly lockFile 22ade59e-rg-meteorite-meteorite-0-9-2-tgz https://registry.npmjs.org/meteorite/-/meteorite-0.9.2.tgz
36 verbose lock https://registry.npmjs.org/meteorite/-/meteorite-0.9.2.tgz /home/lucas/.npm/22ade59e-rg-meteorite-meteorite-0-9-2-tgz.lock
37 verbose addRemoteTarball [ 'https://registry.npmjs.org/meteorite/-/meteorite-0.9.2.tgz',
37 verbose addRemoteTarball   '93e74f9459f61d22899259dc31756da9a67d1e07' ]
38 info retry fetch attempt 1 at 20:14:58
39 verbose fetch to= /tmp/npm-3332-1Tp_tfAG/registry.npmjs.org/meteorite/-/meteorite-0.9.2.tgz
40 http GET https://registry.npmjs.org/meteorite/-/meteorite-0.9.2.tgz
41 http 200 https://registry.npmjs.org/meteorite/-/meteorite-0.9.2.tgz
42 silly lockFile 22ade59e-rg-meteorite-meteorite-0-9-2-tgz https://registry.npmjs.org/meteorite/-/meteorite-0.9.2.tgz
43 silly lockFile 22ade59e-rg-meteorite-meteorite-0-9-2-tgz https://registry.npmjs.org/meteorite/-/meteorite-0.9.2.tgz
44 silly lockFile 718a0fc1-meteorite-0-9-2 meteorite@0.9.2
45 silly lockFile 718a0fc1-meteorite-0-9-2 meteorite@0.9.2
46 silly lockFile bf6d5fee-meteorite meteorite@
47 silly lockFile bf6d5fee-meteorite meteorite@
48 silly resolved [ { name: 'meteorite',
48 silly resolved     version: '0.9.2',
48 silly resolved     homepage: 'http://oortcloud.github.com/meteorite',
48 silly resolved     engines: [ 'node >=0.8.0' ],
48 silly resolved     description: 'Installer & smart package manager for Meteor',
48 silly resolved     author:
48 silly resolved      { name: 'Tom Coleman',
48 silly resolved        email: 'tom@percolatestudio.com',
48 silly resolved        url: 'http://percolatestudio.com' },
48 silly resolved     dependencies:
48 silly resolved      { ddp: '>=0.3.1 <0.5.0',
48 silly resolved        underscore: '1.3.3',
48 silly resolved        wrench: '1.3.9',
48 silly resolved        fstream: '>=0.1.18',
48 silly resolved        optimist: '>=0.3.4',
48 silly resolved        prompt: '0.2.11',
48 silly resolved        colors: '0.6.0-1',
48 silly resolved        async: '0.2.9',
48 silly resolved        rolling_timeout_exec: '>=0.0.1' },
48 silly resolved     devDependencies: { mocha: '>=1.2.2', connect: '>=2.3.6', which: '>=1.0.5' },
48 silly resolved     scripts:
48 silly resolved      { test: 'mocha spec/unit spec/acceptance -t 240000 -R spec',
48 silly resolved        flushcache: 'rm -rf spec/support/cache',
48 silly resolved        postinstall: 'sh ./completions/postinstall.sh' },
48 silly resolved     repository:
48 silly resolved      { type: 'git',
48 silly resolved        url: 'https://github.com/oortcloud/meteorite.git' },
48 silly resolved     bin: { mrt: './bin/mrt.js' },
48 silly resolved     bugs: { url: 'https://github.com/oortcloud/meteorite/issues' },
48 silly resolved     _id: 'meteorite@0.9.2',
48 silly resolved     _shasum: '93e74f9459f61d22899259dc31756da9a67d1e07',
48 silly resolved     _from: 'meteorite@',
48 silly resolved     _npmVersion: '1.4.9',
48 silly resolved     _npmUser: { name: 'tmeasday', email: 'tom@percolatestudio.com' },
48 silly resolved     maintainers: [ [Object], [Object] ],
48 silly resolved     dist:
48 silly resolved      { shasum: '93e74f9459f61d22899259dc31756da9a67d1e07',
48 silly resolved        tarball: 'http://registry.npmjs.org/meteorite/-/meteorite-0.9.2.tgz' },
48 silly resolved     directories: {},
48 silly resolved     _resolved: 'https://registry.npmjs.org/meteorite/-/meteorite-0.9.2.tgz' } ]
49 info install meteorite@0.9.2 into /usr/lib
50 info installOne meteorite@0.9.2
51 verbose lib/node_modules/meteorite unbuild
52 info preuninstall meteorite@0.7.5
53 info uninstall meteorite@0.7.5
54 verbose true,/usr/lib/node_modules,/usr/lib/node_modules unbuild meteorite@0.7.5
55 verbose /usr/bin,[object Object] binRoot
56 verbose lib/node_modules/meteorite unbuild
57 info preuninstall meteorite@0.7.5
58 info uninstall meteorite@0.7.5
59 verbose true,/usr/lib/node_modules,/usr/lib/node_modules unbuild meteorite@0.7.5
60 verbose /usr/bin,[object Object] binRoot
61 error error rolling back Error: EACCES, unlink '/usr/bin/mrt'
61 error error rolling back  meteorite@0.9.2 { [Error: EACCES, unlink '/usr/bin/mrt'] errno: 3, code: 'EACCES', path: '/usr/bin/mrt' }
62 error Error: EACCES, unlink '/usr/bin/mrt'
62 error  { [Error: EACCES, unlink '/usr/bin/mrt'] errno: 3, code: 'EACCES', path: '/usr/bin/mrt' }
63 error Please try running this command again as root/Administrator.
64 error System Linux 3.13.0-32-generic
65 error command "/usr/bin/node" "/usr/bin/npm" "install" "-g" "meteorite"
66 error cwd /home/lucas/Projects/ratemylife
67 error node -v v0.10.30
68 error npm -v 1.4.21
69 error path /usr/bin/mrt
70 error code EACCES
71 error errno 3
72 error stack Error: EACCES, unlink '/usr/bin/mrt'
73 verbose exit [ 3, true ]
